[13-May-2025 04:18:00 Europe/Berlin] Error in process_quotation.php: FPDF library not found
[13-May-2025 04:57:29 Europe/Berlin] Error in process_quotation.php: Data truncated for column 'test_location' at row 1
[13-May-2025 18:28:11 Europe/Berlin] Error in process_quotation.php: Data truncated for column 'test_location' at row 1
[13-May-2025 18:54:38 Europe/Berlin] Error in process_quotation.php: Column 'smog_check_completed' cannot be null
[13-May-2025 18:55:51 Europe/Berlin] Error in process_quotation.php: Incorrect date value: '' for column 'smog_check_expected_date' at row 1
[13-May-2025 18:58:47 Europe/Berlin] PHP Warning:  Undefined variable $appointment_id in C:\xampp\htdocs\Test\src\pages\process_quotation.php on line 260
[13-May-2025 18:59:37 Europe/Berlin] PHP Warning:  Undefined variable $appointment_id in C:\xampp\htdocs\Test\src\pages\process_quotation.php on line 260
[13-May-2025 19:01:46 Europe/Berlin] PHP Warning:  Undefined variable $appointment_id in C:\xampp\htdocs\Test\src\pages\process_quotation.php on line 260
[13-May-2025 19:06:40 Europe/Berlin] PHP Warning:  Undefined variable $appointment_id in C:\xampp\htdocs\Test\src\pages\process_quotation.php on line 260
[13-May-2025 19:18:49 Europe/Berlin] PHP Warning:  Undefined variable $appointment_id in C:\xampp\htdocs\Test\src\pages\process_quotation.php on line 379
[13-May-2025 19:18:52 Europe/Berlin] PHP Warning:  Undefined variable $pdf in C:\xampp\htdocs\Test\src\pages\process_quotation.php on line 301
[13-May-2025 19:18:52 Europe/Berlin] PHP Fatal error:  Uncaught Error: Call to a member function Output() on null in C:\xampp\htdocs\Test\src\pages\process_quotation.php:301
Stack trace:
#0 {main}
  thrown in C:\xampp\htdocs\Test\src\pages\process_quotation.php on line 301
[13-May-2025 19:19:35 Europe/Berlin] PHP Warning:  Undefined variable $appointment_id in C:\xampp\htdocs\Test\src\pages\process_quotation.php on line 379
[13-May-2025 19:19:36 Europe/Berlin] PHP Warning:  Undefined variable $pdf in C:\xampp\htdocs\Test\src\pages\process_quotation.php on line 301
[13-May-2025 19:19:36 Europe/Berlin] PHP Fatal error:  Uncaught Error: Call to a member function Output() on null in C:\xampp\htdocs\Test\src\pages\process_quotation.php:301
Stack trace:
#0 {main}
  thrown in C:\xampp\htdocs\Test\src\pages\process_quotation.php on line 301
[13-May-2025 19:20:07 Europe/Berlin] PHP Warning:  Undefined variable $appointment_id in C:\xampp\htdocs\Test\src\pages\process_quotation.php on line 379
[13-May-2025 19:20:09 Europe/Berlin] PHP Warning:  Undefined variable $pdf in C:\xampp\htdocs\Test\src\pages\process_quotation.php on line 301
[13-May-2025 19:20:09 Europe/Berlin] PHP Fatal error:  Uncaught Error: Call to a member function Output() on null in C:\xampp\htdocs\Test\src\pages\process_quotation.php:301
Stack trace:
#0 {main}
  thrown in C:\xampp\htdocs\Test\src\pages\process_quotation.php on line 301
[13-May-2025 19:20:19 Europe/Berlin] Error in process_quotation.php: Missing required field: company
[13-May-2025 19:21:04 Europe/Berlin] Error in process_quotation.php: Missing required field: company
[13-May-2025 19:21:04 Europe/Berlin] Error in process_quotation.php: Missing required field: company
[13-May-2025 19:21:07 Europe/Berlin] PHP Warning:  Undefined variable $pdf in C:\xampp\htdocs\Test\src\pages\process_quotation.php on line 301
[13-May-2025 19:21:07 Europe/Berlin] PHP Fatal error:  Uncaught Error: Call to a member function Output() on null in C:\xampp\htdocs\Test\src\pages\process_quotation.php:301
Stack trace:
#0 {main}
  thrown in C:\xampp\htdocs\Test\src\pages\process_quotation.php on line 301
[13-May-2025 19:21:20 Europe/Berlin] PHP Warning:  Undefined variable $appointment_id in C:\xampp\htdocs\Test\src\pages\process_quotation.php on line 379
[13-May-2025 19:21:22 Europe/Berlin] PHP Warning:  Undefined variable $pdf in C:\xampp\htdocs\Test\src\pages\process_quotation.php on line 301
[13-May-2025 19:21:22 Europe/Berlin] PHP Fatal error:  Uncaught Error: Call to a member function Output() on null in C:\xampp\htdocs\Test\src\pages\process_quotation.php:301
Stack trace:
#0 {main}
  thrown in C:\xampp\htdocs\Test\src\pages\process_quotation.php on line 301
[13-May-2025 19:21:30 Europe/Berlin] Error in process_quotation.php: Missing required field: company
[13-May-2025 19:25:07 Europe/Berlin] PHP Warning:  Undefined variable $appointment_id in C:\xampp\htdocs\Test\src\pages\process_quotation.php on line 379
[13-May-2025 19:25:10 Europe/Berlin] PHP Warning:  Undefined variable $pdf in C:\xampp\htdocs\Test\src\pages\process_quotation.php on line 301
[13-May-2025 19:25:10 Europe/Berlin] PHP Fatal error:  Uncaught Error: Call to a member function Output() on null in C:\xampp\htdocs\Test\src\pages\process_quotation.php:301
Stack trace:
#0 {main}
  thrown in C:\xampp\htdocs\Test\src\pages\process_quotation.php on line 301
[13-May-2025 19:28:12 Europe/Berlin] PHP Warning:  Undefined variable $appointment_id in C:\xampp\htdocs\Test\src\pages\process_quotation.php on line 420
[13-May-2025 19:28:14 Europe/Berlin] PHP Warning:  Undefined variable $pdf in C:\xampp\htdocs\Test\src\pages\process_quotation.php on line 340
[13-May-2025 19:28:14 Europe/Berlin] PHP Fatal error:  Uncaught Error: Call to a member function Output() on null in C:\xampp\htdocs\Test\src\pages\process_quotation.php:340
Stack trace:
#0 {main}
  thrown in C:\xampp\htdocs\Test\src\pages\process_quotation.php on line 340
[13-May-2025 19:30:33 Europe/Berlin] PHP Warning:  Undefined variable $appointment_id in C:\xampp\htdocs\Test\src\pages\process_quotation.php on line 420
[13-May-2025 19:30:34 Europe/Berlin] PHP Warning:  Undefined variable $pdf in C:\xampp\htdocs\Test\src\pages\process_quotation.php on line 340
[13-May-2025 19:30:34 Europe/Berlin] PHP Fatal error:  Uncaught Error: Call to a member function Output() on null in C:\xampp\htdocs\Test\src\pages\process_quotation.php:340
Stack trace:
#0 {main}
  thrown in C:\xampp\htdocs\Test\src\pages\process_quotation.php on line 340
[13-May-2025 19:34:36 Europe/Berlin] PHP Warning:  Undefined variable $appointment_id in C:\xampp\htdocs\Test\src\pages\process_quotation.php on line 420
[13-May-2025 19:34:37 Europe/Berlin] PHP Warning:  Undefined variable $pdf in C:\xampp\htdocs\Test\src\pages\process_quotation.php on line 340
[13-May-2025 19:34:37 Europe/Berlin] PHP Fatal error:  Uncaught Error: Call to a member function Output() on null in C:\xampp\htdocs\Test\src\pages\process_quotation.php:340
Stack trace:
#0 {main}
  thrown in C:\xampp\htdocs\Test\src\pages\process_quotation.php on line 340
[13-May-2025 19:34:39 Europe/Berlin] PHP Warning:  Undefined array key "service_type" in C:\xampp\htdocs\Test\src\pages\process_quotation.php on line 81
[13-May-2025 19:34:39 Europe/Berlin] PHP Warning:  foreach() argument must be of type array|object, null given in C:\xampp\htdocs\Test\src\pages\process_quotation.php on line 81
[13-May-2025 19:34:39 Europe/Berlin] PHP Warning:  Undefined array key "vehicle_year" in C:\xampp\htdocs\Test\src\pages\process_quotation.php on line 103
[13-May-2025 19:34:39 Europe/Berlin] PHP Fatal error:  Uncaught TypeError: count(): Argument #1 ($value) must be of type Countable|array, null given in C:\xampp\htdocs\Test\src\pages\process_quotation.php:103
Stack trace:
#0 {main}
  thrown in C:\xampp\htdocs\Test\src\pages\process_quotation.php on line 103
[13-May-2025 19:36:01 Europe/Berlin] PHP Warning:  Undefined variable $appointment_id in C:\xampp\htdocs\Test\src\pages\process_quotation.php on line 379
[13-May-2025 19:36:02 Europe/Berlin] PHP Warning:  Undefined variable $pdf in C:\xampp\htdocs\Test\src\pages\process_quotation.php on line 301
[13-May-2025 19:36:02 Europe/Berlin] PHP Fatal error:  Uncaught Error: Call to a member function Output() on null in C:\xampp\htdocs\Test\src\pages\process_quotation.php:301
Stack trace:
#0 {main}
  thrown in C:\xampp\htdocs\Test\src\pages\process_quotation.php on line 301
[13-May-2025 19:37:26 Europe/Berlin] PHP Warning:  Undefined variable $appointment_id in C:\xampp\htdocs\Test\src\pages\process_quotation.php on line 386
[13-May-2025 19:37:27 Europe/Berlin] PHP Warning:  Undefined variable $pdf in C:\xampp\htdocs\Test\src\pages\process_quotation.php on line 303
[13-May-2025 19:37:27 Europe/Berlin] PHP Fatal error:  Uncaught Error: Call to a member function Output() on null in C:\xampp\htdocs\Test\src\pages\process_quotation.php:303
Stack trace:
#0 {main}
  thrown in C:\xampp\htdocs\Test\src\pages\process_quotation.php on line 303
[13-May-2025 19:38:49 Europe/Berlin] PHP Warning:  Undefined variable $appointment_id in C:\xampp\htdocs\Test\src\pages\process_quotation.php on line 382
[13-May-2025 19:38:51 Europe/Berlin] PHP Warning:  Undefined variable $pdf in C:\xampp\htdocs\Test\src\pages\process_quotation.php on line 309
[13-May-2025 19:38:51 Europe/Berlin] PHP Fatal error:  Uncaught Error: Call to a member function Output() on null in C:\xampp\htdocs\Test\src\pages\process_quotation.php:309
Stack trace:
#0 {main}
  thrown in C:\xampp\htdocs\Test\src\pages\process_quotation.php on line 309
[13-May-2025 19:41:09 Europe/Berlin] PHP Warning:  Undefined variable $appointment_id in C:\xampp\htdocs\Test\src\pages\process_quotation.php on line 325
[13-May-2025 19:41:10 Europe/Berlin] PHP Warning:  Undefined variable $company in C:\xampp\htdocs\Test\src\pages\process_quotation.php on line 215
[13-May-2025 19:41:10 Europe/Berlin] PHP Deprecated:  htmlspecialchars(): Passing null to parameter #1 ($string) of type string is deprecated in C:\xampp\htdocs\Test\src\pages\process_quotation.php on line 215
[13-May-2025 19:41:10 Europe/Berlin] PHP Warning:  Undefined variable $name in C:\xampp\htdocs\Test\src\pages\process_quotation.php on line 216
[13-May-2025 19:41:10 Europe/Berlin] PHP Deprecated:  htmlspecialchars(): Passing null to parameter #1 ($string) of type string is deprecated in C:\xampp\htdocs\Test\src\pages\process_quotation.php on line 216
[13-May-2025 19:41:10 Europe/Berlin] PHP Warning:  Undefined variable $email in C:\xampp\htdocs\Test\src\pages\process_quotation.php on line 217
[13-May-2025 19:41:10 Europe/Berlin] PHP Deprecated:  htmlspecialchars(): Passing null to parameter #1 ($string) of type string is deprecated in C:\xampp\htdocs\Test\src\pages\process_quotation.php on line 217
[13-May-2025 19:41:10 Europe/Berlin] PHP Warning:  Undefined variable $phone in C:\xampp\htdocs\Test\src\pages\process_quotation.php on line 218
[13-May-2025 19:41:10 Europe/Berlin] PHP Deprecated:  htmlspecialchars(): Passing null to parameter #1 ($string) of type string is deprecated in C:\xampp\htdocs\Test\src\pages\process_quotation.php on line 218
[13-May-2025 19:41:10 Europe/Berlin] PHP Warning:  Undefined variable $vin in C:\xampp\htdocs\Test\src\pages\process_quotation.php on line 221
[13-May-2025 19:41:10 Europe/Berlin] PHP Deprecated:  htmlspecialchars(): Passing null to parameter #1 ($string) of type string is deprecated in C:\xampp\htdocs\Test\src\pages\process_quotation.php on line 221
[13-May-2025 19:41:10 Europe/Berlin] PHP Warning:  Undefined variable $license_plate in C:\xampp\htdocs\Test\src\pages\process_quotation.php on line 222
[13-May-2025 19:41:10 Europe/Berlin] PHP Deprecated:  htmlspecialchars(): Passing null to parameter #1 ($string) of type string is deprecated in C:\xampp\htdocs\Test\src\pages\process_quotation.php on line 222
[13-May-2025 19:41:10 Europe/Berlin] PHP Warning:  Undefined variable $base_url in C:\xampp\htdocs\Test\src\pages\process_quotation.php on line 226
[13-May-2025 19:41:10 Europe/Berlin] PHP Warning:  Undefined variable $base_url in C:\xampp\htdocs\Test\src\pages\process_quotation.php on line 227
[13-May-2025 19:41:10 Europe/Berlin] PHP Fatal error:  Uncaught Error: Call to undefined function sendEmail() in C:\xampp\htdocs\Test\src\pages\process_quotation.php:239
Stack trace:
#0 {main}
  thrown in C:\xampp\htdocs\Test\src\pages\process_quotation.php on line 239
[13-May-2025 19:41:16 Europe/Berlin] Error in process_quotation.php: Missing required field: company
[13-May-2025 19:42:18 Europe/Berlin] PHP Warning:  Undefined variable $appointment_id in C:\xampp\htdocs\Test\src\pages\process_quotation.php on line 260
[13-May-2025 19:45:55 Europe/Berlin] PHP Warning:  Undefined variable $appointment_id in C:\xampp\htdocs\Test\src\pages\process_quotation.php on line 260
[13-May-2025 19:50:20 Europe/Berlin] PHP Warning:  Undefined variable $appointment_id in C:\xampp\htdocs\Test\src\pages\process_quotation.php on line 304
[13-May-2025 19:50:23 Europe/Berlin] PHP Warning:  mail(): Failed to connect to mailserver at &quot;localhost&quot; port 25, verify your &quot;SMTP&quot; and &quot;smtp_port&quot; setting in php.ini or use ini_set() in C:\xampp\htdocs\Test\src\pages\process_quotation.php on line 254
[13-May-2025 19:50:25 Europe/Berlin] PHP Warning:  mail(): Failed to connect to mailserver at &quot;localhost&quot; port 25, verify your &quot;SMTP&quot; and &quot;smtp_port&quot; setting in php.ini or use ini_set() in C:\xampp\htdocs\Test\src\pages\process_quotation.php on line 254
[13-May-2025 19:50:27 Europe/Berlin] PHP Warning:  mail(): Failed to connect to mailserver at &quot;localhost&quot; port 25, verify your &quot;SMTP&quot; and &quot;smtp_port&quot; setting in php.ini or use ini_set() in C:\xampp\htdocs\Test\src\pages\process_quotation.php on line 254
[13-May-2025 19:52:51 Europe/Berlin] PHP Warning:  Undefined variable $appointment_id in C:\xampp\htdocs\Test\src\pages\process_quotation.php on line 260
[13-May-2025 19:52:51 Europe/Berlin] PHP Fatal error:  Uncaught Error: Call to undefined function sendEmail() in C:\xampp\htdocs\Test\src\pages\process_quotation.php:410
Stack trace:
#0 {main}
  thrown in C:\xampp\htdocs\Test\src\pages\process_quotation.php on line 410
[13-May-2025 19:52:54 Europe/Berlin] PHP Warning:  Undefined variable $appointment_id in C:\xampp\htdocs\Test\src\pages\process_quotation.php on line 260
[13-May-2025 19:52:54 Europe/Berlin] PHP Fatal error:  Uncaught Error: Call to undefined function sendEmail() in C:\xampp\htdocs\Test\src\pages\process_quotation.php:410
Stack trace:
#0 {main}
  thrown in C:\xampp\htdocs\Test\src\pages\process_quotation.php on line 410
[13-May-2025 20:04:53 Europe/Berlin] PHP Warning:  Undefined variable $appointment_id in C:\xampp\htdocs\Test\src\pages\process_quotation.php on line 279
[13-May-2025 20:04:55 Europe/Berlin] PHP Warning:  Undefined variable $appointment in C:\xampp\htdocs\Test\src\pages\process_quotation.php on line 220
[13-May-2025 20:04:55 Europe/Berlin] PHP Warning:  Undefined variable $vehicles in C:\xampp\htdocs\Test\src\pages\process_quotation.php on line 220
[13-May-2025 20:04:55 Europe/Berlin] PHP Warning:  Undefined variable $discount_amount in C:\xampp\htdocs\Test\src\pages\process_quotation.php on line 220
[13-May-2025 20:04:55 Europe/Berlin] PHP Warning:  Undefined variable $final_price in C:\xampp\htdocs\Test\src\pages\process_quotation.php on line 220
[13-May-2025 20:04:55 Europe/Berlin] PHP Warning:  Trying to access array offset on value of type null in C:\xampp\htdocs\Test\src\pages\process_quotation.php on line 504
[13-May-2025 20:04:55 Europe/Berlin] PHP Deprecated:  htmlspecialchars(): Passing null to parameter #1 ($string) of type string is deprecated in C:\xampp\htdocs\Test\src\pages\process_quotation.php on line 504
[13-May-2025 20:04:55 Europe/Berlin] PHP Warning:  Trying to access array offset on value of type null in C:\xampp\htdocs\Test\src\pages\process_quotation.php on line 505
[13-May-2025 20:04:55 Europe/Berlin] PHP Deprecated:  htmlspecialchars(): Passing null to parameter #1 ($string) of type string is deprecated in C:\xampp\htdocs\Test\src\pages\process_quotation.php on line 505
[13-May-2025 20:04:55 Europe/Berlin] PHP Warning:  Trying to access array offset on value of type null in C:\xampp\htdocs\Test\src\pages\process_quotation.php on line 506
[13-May-2025 20:04:55 Europe/Berlin] PHP Deprecated:  htmlspecialchars(): Passing null to parameter #1 ($string) of type string is deprecated in C:\xampp\htdocs\Test\src\pages\process_quotation.php on line 506
[13-May-2025 20:04:55 Europe/Berlin] PHP Warning:  Trying to access array offset on value of type null in C:\xampp\htdocs\Test\src\pages\process_quotation.php on line 507
[13-May-2025 20:04:55 Europe/Berlin] PHP Deprecated:  htmlspecialchars(): Passing null to parameter #1 ($string) of type string is deprecated in C:\xampp\htdocs\Test\src\pages\process_quotation.php on line 507
[13-May-2025 20:04:55 Europe/Berlin] PHP Warning:  foreach() argument must be of type array|object, null given in C:\xampp\htdocs\Test\src\pages\process_quotation.php on line 520
[13-May-2025 20:04:55 Europe/Berlin] PHP Deprecated:  number_format(): Passing null to parameter #1 ($num) of type float is deprecated in C:\xampp\htdocs\Test\src\pages\process_quotation.php on line 551
[13-May-2025 20:09:32 Europe/Berlin] PHP Warning:  Undefined variable $appointment_id in C:\xampp\htdocs\Test\src\pages\process_quotation.php on line 313
[13-May-2025 20:11:05 Europe/Berlin] PHP Warning:  Undefined variable $appointment_id in C:\xampp\htdocs\Test\src\pages\process_quotation.php on line 323
[13-May-2025 20:11:07 Europe/Berlin] PHP Warning:  Undefined variable $pdf_content in C:\xampp\htdocs\Test\src\pages\process_quotation.php on line 259
[13-May-2025 20:17:36 Europe/Berlin] PHP Warning:  Undefined variable $appointment_id in C:\xampp\htdocs\Test\src\pages\process_quotation.php on line 340
[13-May-2025 20:17:38 Europe/Berlin] PHP Warning:  Undefined variable $pdf_content in C:\xampp\htdocs\Test\src\pages\process_quotation.php on line 259
[13-May-2025 20:17:38 Europe/Berlin] Error in process_quotation.php: Unknown column 'status' in 'where clause'
[13-May-2025 20:18:07 Europe/Berlin] PHP Warning:  Undefined variable $appointment_id in C:\xampp\htdocs\Test\src\pages\process_quotation.php on line 340
[13-May-2025 20:18:08 Europe/Berlin] PHP Warning:  Undefined variable $pdf_content in C:\xampp\htdocs\Test\src\pages\process_quotation.php on line 259
[13-May-2025 20:23:09 Europe/Berlin] PHP Warning:  Undefined variable $appointment_id in C:\xampp\htdocs\Test\src\pages\process_quotation.php on line 340
[13-May-2025 20:23:10 Europe/Berlin] PHP Warning:  Undefined variable $pdf_content in C:\xampp\htdocs\Test\src\pages\process_quotation.php on line 259
[13-May-2025 20:23:27 Europe/Berlin] PHP Warning:  Undefined variable $appointment_id in C:\xampp\htdocs\Test\src\pages\process_quotation.php on line 340
[13-May-2025 20:23:29 Europe/Berlin] PHP Warning:  Undefined variable $pdf_content in C:\xampp\htdocs\Test\src\pages\process_quotation.php on line 259
[13-May-2025 20:23:49 Europe/Berlin] PHP Warning:  Undefined variable $appointment_id in C:\xampp\htdocs\Test\src\pages\process_quotation.php on line 340
[13-May-2025 20:23:50 Europe/Berlin] PHP Warning:  Undefined variable $pdf_content in C:\xampp\htdocs\Test\src\pages\process_quotation.php on line 259
[13-May-2025 20:27:02 Europe/Berlin] PHP Warning:  Undefined variable $appointment_id in C:\xampp\htdocs\Test\src\pages\process_quotation.php on line 508
[13-May-2025 20:27:02 Europe/Berlin] PHP Warning:  Undefined variable $appointment_id in C:\xampp\htdocs\Test\src\pages\process_quotation.php on line 622
[13-May-2025 20:27:02 Europe/Berlin] PHP Warning:  Undefined variable $appointment in C:\xampp\htdocs\Test\src\pages\process_quotation.php on line 632
[13-May-2025 20:27:02 Europe/Berlin] PHP Warning:  Undefined variable $vehicles in C:\xampp\htdocs\Test\src\pages\process_quotation.php on line 632
[13-May-2025 20:27:02 Europe/Berlin] PHP Warning:  Undefined variable $discount_amount in C:\xampp\htdocs\Test\src\pages\process_quotation.php on line 632
[13-May-2025 20:27:02 Europe/Berlin] PHP Warning:  Undefined variable $final_price in C:\xampp\htdocs\Test\src\pages\process_quotation.php on line 632
[13-May-2025 20:27:02 Europe/Berlin] PHP Warning:  Trying to access array offset on value of type null in C:\xampp\htdocs\Test\src\pages\process_quotation.php on line 707
[13-May-2025 20:27:02 Europe/Berlin] PHP Warning:  Trying to access array offset on value of type null in C:\xampp\htdocs\Test\src\pages\process_quotation.php on line 708
[13-May-2025 20:27:02 Europe/Berlin] PHP Warning:  Trying to access array offset on value of type null in C:\xampp\htdocs\Test\src\pages\process_quotation.php on line 709
[13-May-2025 20:27:02 Europe/Berlin] PHP Warning:  foreach() argument must be of type array|object, null given in C:\xampp\htdocs\Test\src\pages\process_quotation.php on line 718
[13-May-2025 20:27:02 Europe/Berlin] PHP Warning:  Trying to access array offset on value of type null in C:\xampp\htdocs\Test\src\pages\process_quotation.php on line 905
[13-May-2025 20:27:02 Europe/Berlin] PHP Deprecated:  htmlspecialchars(): Passing null to parameter #1 ($string) of type string is deprecated in C:\xampp\htdocs\Test\src\pages\process_quotation.php on line 905
[13-May-2025 20:27:02 Europe/Berlin] PHP Warning:  Trying to access array offset on value of type null in C:\xampp\htdocs\Test\src\pages\process_quotation.php on line 906
[13-May-2025 20:27:02 Europe/Berlin] PHP Deprecated:  htmlspecialchars(): Passing null to parameter #1 ($string) of type string is deprecated in C:\xampp\htdocs\Test\src\pages\process_quotation.php on line 906
[13-May-2025 20:27:02 Europe/Berlin] PHP Warning:  Trying to access array offset on value of type null in C:\xampp\htdocs\Test\src\pages\process_quotation.php on line 907
[13-May-2025 20:27:02 Europe/Berlin] PHP Deprecated:  htmlspecialchars(): Passing null to parameter #1 ($string) of type string is deprecated in C:\xampp\htdocs\Test\src\pages\process_quotation.php on line 907
[13-May-2025 20:27:02 Europe/Berlin] PHP Warning:  Trying to access array offset on value of type null in C:\xampp\htdocs\Test\src\pages\process_quotation.php on line 908
[13-May-2025 20:27:02 Europe/Berlin] PHP Deprecated:  htmlspecialchars(): Passing null to parameter #1 ($string) of type string is deprecated in C:\xampp\htdocs\Test\src\pages\process_quotation.php on line 908
[13-May-2025 20:27:02 Europe/Berlin] PHP Warning:  foreach() argument must be of type array|object, null given in C:\xampp\htdocs\Test\src\pages\process_quotation.php on line 921
[13-May-2025 20:27:02 Europe/Berlin] PHP Deprecated:  number_format(): Passing null to parameter #1 ($num) of type float is deprecated in C:\xampp\htdocs\Test\src\pages\process_quotation.php on line 952
[13-May-2025 20:27:07 Europe/Berlin] PHP Warning:  Undefined variable $appointment_id in C:\xampp\htdocs\Test\src\pages\process_quotation.php on line 674
[13-May-2025 20:27:24 Europe/Berlin] PHP Warning:  Undefined variable $appointment_id in C:\xampp\htdocs\Test\src\pages\process_quotation.php on line 508
[13-May-2025 20:27:24 Europe/Berlin] PHP Warning:  Undefined variable $appointment_id in C:\xampp\htdocs\Test\src\pages\process_quotation.php on line 622
[13-May-2025 20:27:24 Europe/Berlin] PHP Warning:  Undefined variable $appointment in C:\xampp\htdocs\Test\src\pages\process_quotation.php on line 632
[13-May-2025 20:27:24 Europe/Berlin] PHP Warning:  Undefined variable $vehicles in C:\xampp\htdocs\Test\src\pages\process_quotation.php on line 632
[13-May-2025 20:27:24 Europe/Berlin] PHP Warning:  Undefined variable $discount_amount in C:\xampp\htdocs\Test\src\pages\process_quotation.php on line 632
[13-May-2025 20:27:24 Europe/Berlin] PHP Warning:  Undefined variable $final_price in C:\xampp\htdocs\Test\src\pages\process_quotation.php on line 632
[13-May-2025 20:27:24 Europe/Berlin] PHP Warning:  Trying to access array offset on value of type null in C:\xampp\htdocs\Test\src\pages\process_quotation.php on line 707
[13-May-2025 20:27:24 Europe/Berlin] PHP Warning:  Trying to access array offset on value of type null in C:\xampp\htdocs\Test\src\pages\process_quotation.php on line 708
[13-May-2025 20:27:24 Europe/Berlin] PHP Warning:  Trying to access array offset on value of type null in C:\xampp\htdocs\Test\src\pages\process_quotation.php on line 709
[13-May-2025 20:27:24 Europe/Berlin] PHP Warning:  foreach() argument must be of type array|object, null given in C:\xampp\htdocs\Test\src\pages\process_quotation.php on line 718
[13-May-2025 20:27:24 Europe/Berlin] PHP Warning:  Trying to access array offset on value of type null in C:\xampp\htdocs\Test\src\pages\process_quotation.php on line 905
[13-May-2025 20:27:24 Europe/Berlin] PHP Deprecated:  htmlspecialchars(): Passing null to parameter #1 ($string) of type string is deprecated in C:\xampp\htdocs\Test\src\pages\process_quotation.php on line 905
[13-May-2025 20:27:24 Europe/Berlin] PHP Warning:  Trying to access array offset on value of type null in C:\xampp\htdocs\Test\src\pages\process_quotation.php on line 906
[13-May-2025 20:27:24 Europe/Berlin] PHP Deprecated:  htmlspecialchars(): Passing null to parameter #1 ($string) of type string is deprecated in C:\xampp\htdocs\Test\src\pages\process_quotation.php on line 906
[13-May-2025 20:27:24 Europe/Berlin] PHP Warning:  Trying to access array offset on value of type null in C:\xampp\htdocs\Test\src\pages\process_quotation.php on line 907
[13-May-2025 20:27:24 Europe/Berlin] PHP Deprecated:  htmlspecialchars(): Passing null to parameter #1 ($string) of type string is deprecated in C:\xampp\htdocs\Test\src\pages\process_quotation.php on line 907
[13-May-2025 20:27:24 Europe/Berlin] PHP Warning:  Trying to access array offset on value of type null in C:\xampp\htdocs\Test\src\pages\process_quotation.php on line 908
[13-May-2025 20:27:24 Europe/Berlin] PHP Deprecated:  htmlspecialchars(): Passing null to parameter #1 ($string) of type string is deprecated in C:\xampp\htdocs\Test\src\pages\process_quotation.php on line 908
[13-May-2025 20:27:24 Europe/Berlin] PHP Warning:  foreach() argument must be of type array|object, null given in C:\xampp\htdocs\Test\src\pages\process_quotation.php on line 921
[13-May-2025 20:27:24 Europe/Berlin] PHP Deprecated:  number_format(): Passing null to parameter #1 ($num) of type float is deprecated in C:\xampp\htdocs\Test\src\pages\process_quotation.php on line 952
[13-May-2025 20:27:28 Europe/Berlin] PHP Warning:  Undefined variable $appointment_id in C:\xampp\htdocs\Test\src\pages\process_quotation.php on line 674
[13-May-2025 20:27:28 Europe/Berlin] Error in process_quotation.php: Missing required field: company
[13-May-2025 20:31:31 Europe/Berlin] PHP Warning:  Undefined variable $appointment_id in C:\xampp\htdocs\Test\src\pages\process_quotation.php on line 340
[13-May-2025 20:31:33 Europe/Berlin] PHP Warning:  Undefined variable $pdf_content in C:\xampp\htdocs\Test\src\pages\process_quotation.php on line 259
[13-May-2025 20:34:47 Europe/Berlin] PHP Warning:  Undefined variable $appointment_id in C:\xampp\htdocs\Test\src\pages\process_quotation.php on line 345
[13-May-2025 20:35:42 Europe/Berlin] PHP Warning:  Undefined variable $appointment_id in C:\xampp\htdocs\Test\src\pages\process_quotation.php on line 362
[13-May-2025 20:35:43 Europe/Berlin] PHP Warning:  Undefined variable $pdf_content in C:\xampp\htdocs\Test\src\pages\process_quotation.php on line 281
[13-May-2025 20:42:13 Europe/Berlin] PHP Warning:  Undefined variable $appointment_id in C:\xampp\htdocs\Test\src\pages\process_quotation.php on line 362
[13-May-2025 20:42:14 Europe/Berlin] PHP Warning:  Undefined variable $pdf_content in C:\xampp\htdocs\Test\src\pages\process_quotation.php on line 281
[13-May-2025 20:48:03 Europe/Berlin] PHP Warning:  Undefined variable $appointment_id in C:\xampp\htdocs\Test\src\pages\process_quotation.php on line 362
[13-May-2025 20:48:05 Europe/Berlin] PHP Warning:  Undefined variable $pdf_content in C:\xampp\htdocs\Test\src\pages\process_quotation.php on line 281
[13-May-2025 20:49:23 Europe/Berlin] PHP Warning:  Undefined variable $appointment_id in C:\xampp\htdocs\Test\src\pages\process_quotation.php on line 362
[13-May-2025 20:49:24 Europe/Berlin] PHP Warning:  Undefined variable $pdf_content in C:\xampp\htdocs\Test\src\pages\process_quotation.php on line 281
[13-May-2025 20:54:03 Europe/Berlin] PHP Warning:  Undefined variable $appointment_id in C:\xampp\htdocs\Test\src\pages\process_quotation.php on line 362
[13-May-2025 20:54:05 Europe/Berlin] PHP Warning:  Undefined variable $pdf_content in C:\xampp\htdocs\Test\src\pages\process_quotation.php on line 281
[13-May-2025 20:57:35 Europe/Berlin] PHP Warning:  Undefined variable $appointment_id in C:\xampp\htdocs\Test\src\pages\process_quotation.php on line 362
[13-May-2025 20:57:35 Europe/Berlin] PHP Warning:  Undefined variable $appointment_id in C:\xampp\htdocs\Test\src\pages\process_quotation.php on line 483
[13-May-2025 20:57:36 Europe/Berlin] PHP Warning:  Undefined variable $pdf_content in C:\xampp\htdocs\Test\src\pages\process_quotation.php on line 281
[14-May-2025 00:17:10 Europe/Berlin] PHP Warning:  Undefined variable $appointment_id in C:\xampp\htdocs\Test\src\pages\process_quotation.php on line 362
[14-May-2025 00:17:10 Europe/Berlin] PHP Warning:  Undefined variable $appointment_id in C:\xampp\htdocs\Test\src\pages\process_quotation.php on line 483
[14-May-2025 00:17:18 Europe/Berlin] PHP Warning:  Undefined variable $pdf_content in C:\xampp\htdocs\Test\src\pages\process_quotation.php on line 281
[14-May-2025 22:08:27 Europe/Berlin] PHP Warning:  Undefined variable $appointment_id in C:\xampp\htdocs\Test\src\pages\process_quotation.php on line 362
[14-May-2025 22:08:27 Europe/Berlin] PHP Warning:  Undefined variable $appointment_id in C:\xampp\htdocs\Test\src\pages\process_quotation.php on line 483
[14-May-2025 22:08:47 Europe/Berlin] PHP Warning:  Undefined variable $pdf_content in C:\xampp\htdocs\Test\src\pages\process_quotation.php on line 281
[14-May-2025 23:08:39 Europe/Berlin] PHP Warning:  Undefined variable $appointment_id in C:\xampp\htdocs\Test\src\pages\process_quotation.php on line 362
[14-May-2025 23:08:39 Europe/Berlin] PHP Warning:  Undefined variable $appointment_id in C:\xampp\htdocs\Test\src\pages\process_quotation.php on line 483
[14-May-2025 23:10:31 Europe/Berlin] PHP Warning:  Undefined variable $appointment_id in C:\xampp\htdocs\Test\src\pages\process_quotation.php on line 362
[14-May-2025 23:10:31 Europe/Berlin] PHP Warning:  Undefined variable $appointment_id in C:\xampp\htdocs\Test\src\pages\process_quotation.php on line 494
[14-May-2025 23:11:16 Europe/Berlin] PHP Warning:  Undefined variable $appointment_id in C:\xampp\htdocs\Test\src\pages\process_quotation.php on line 362
[14-May-2025 23:11:16 Europe/Berlin] PHP Warning:  Undefined variable $appointment_id in C:\xampp\htdocs\Test\src\pages\process_quotation.php on line 500
[14-May-2025 23:11:31 Europe/Berlin] PHP Warning:  Undefined variable $appointment_id in C:\xampp\htdocs\Test\src\pages\process_quotation.php on line 362
[14-May-2025 23:11:31 Europe/Berlin] PHP Warning:  Undefined variable $appointment_id in C:\xampp\htdocs\Test\src\pages\process_quotation.php on line 500
[14-May-2025 23:12:27 Europe/Berlin] PHP Warning:  Undefined variable $appointment_id in C:\xampp\htdocs\Test\src\pages\process_quotation.php on line 362
[14-May-2025 23:12:27 Europe/Berlin] PHP Warning:  Undefined variable $appointment_id in C:\xampp\htdocs\Test\src\pages\process_quotation.php on line 505
[14-May-2025 23:13:18 Europe/Berlin] PHP Warning:  Undefined variable $appointment_id in C:\xampp\htdocs\Test\src\pages\process_quotation.php on line 362
[14-May-2025 23:13:18 Europe/Berlin] PHP Warning:  Undefined variable $appointment_id in C:\xampp\htdocs\Test\src\pages\process_quotation.php on line 483
[14-May-2025 23:14:26 Europe/Berlin] PHP Warning:  Undefined variable $appointment_id in C:\xampp\htdocs\Test\src\pages\process_quotation.php on line 362
[14-May-2025 23:14:26 Europe/Berlin] PHP Warning:  Undefined variable $appointment_id in C:\xampp\htdocs\Test\src\pages\process_quotation.php on line 502
[14-May-2025 23:16:12 Europe/Berlin] PHP Warning:  Undefined variable $appointment_id in C:\xampp\htdocs\Test\src\pages\process_quotation.php on line 362
[14-May-2025 23:16:12 Europe/Berlin] PHP Warning:  Undefined variable $appointment_id in C:\xampp\htdocs\Test\src\pages\process_quotation.php on line 523
[14-May-2025 23:20:22 Europe/Berlin] PHP Warning:  Undefined variable $appointment_id in C:\xampp\htdocs\Test\src\pages\process_quotation.php on line 362
[14-May-2025 23:20:22 Europe/Berlin] PHP Warning:  Undefined variable $appointment_id in C:\xampp\htdocs\Test\src\pages\process_quotation.php on line 508
[14-May-2025 23:21:22 Europe/Berlin] PHP Warning:  Undefined variable $appointment_id in C:\xampp\htdocs\Test\src\pages\process_quotation.php on line 362
[14-May-2025 23:21:22 Europe/Berlin] PHP Warning:  Undefined variable $appointment_id in C:\xampp\htdocs\Test\src\pages\process_quotation.php on line 502
[14-May-2025 23:22:13 Europe/Berlin] PHP Warning:  Undefined variable $appointment_id in C:\xampp\htdocs\Test\src\pages\process_quotation.php on line 362
[14-May-2025 23:22:13 Europe/Berlin] PHP Warning:  Undefined variable $appointment_id in C:\xampp\htdocs\Test\src\pages\process_quotation.php on line 502
[14-May-2025 23:22:36 Europe/Berlin] PHP Warning:  Undefined variable $appointment_id in C:\xampp\htdocs\Test\src\pages\process_quotation.php on line 362
[14-May-2025 23:22:36 Europe/Berlin] PHP Warning:  Undefined variable $appointment_id in C:\xampp\htdocs\Test\src\pages\process_quotation.php on line 483
[14-May-2025 23:29:10 Europe/Berlin] PHP Warning:  Undefined variable $appointment_id in C:\xampp\htdocs\Test\src\pages\process_quotation.php on line 362
[14-May-2025 23:29:10 Europe/Berlin] PHP Warning:  Undefined variable $appointment_id in C:\xampp\htdocs\Test\src\pages\process_quotation.php on line 494
[14-May-2025 23:32:55 Europe/Berlin] PHP Warning:  Undefined variable $appointment_id in C:\xampp\htdocs\Test\src\pages\process_quotation.php on line 362
[14-May-2025 23:32:55 Europe/Berlin] PHP Warning:  Undefined variable $appointment_id in C:\xampp\htdocs\Test\src\pages\process_quotation.php on line 500
[14-May-2025 23:33:58 Europe/Berlin] PHP Warning:  Undefined variable $appointment_id in C:\xampp\htdocs\Test\src\pages\process_quotation.php on line 362
[14-May-2025 23:33:58 Europe/Berlin] PHP Warning:  Undefined variable $appointment_id in C:\xampp\htdocs\Test\src\pages\process_quotation.php on line 500
[14-May-2025 23:34:18 Europe/Berlin] PHP Warning:  Undefined variable $pdf_content in C:\xampp\htdocs\Test\src\pages\process_quotation.php on line 281
[15-May-2025 00:32:50 Europe/Berlin] PHP Warning:  Undefined variable $appointment_id in C:\xampp\htdocs\Test\src\pages\process_quotation.php on line 362
[15-May-2025 00:32:50 Europe/Berlin] PHP Warning:  Undefined variable $appointment_id in C:\xampp\htdocs\Test\src\pages\process_quotation.php on line 500
[15-May-2025 00:33:43 Europe/Berlin] PHP Warning:  Undefined variable $appointment_id in C:\xampp\htdocs\Test\src\pages\process_quotation.php on line 362
[15-May-2025 00:33:43 Europe/Berlin] PHP Warning:  Undefined variable $appointment_id in C:\xampp\htdocs\Test\src\pages\process_quotation.php on line 500
[15-May-2025 00:33:49 Europe/Berlin] PHP Warning:  Undefined variable $pdf_content in C:\xampp\htdocs\Test\src\pages\process_quotation.php on line 281
[15-May-2025 00:42:14 Europe/Berlin] PHP Warning:  Undefined variable $appointment_id in C:\xampp\htdocs\Test\src\pages\process_quotation.php on line 362
[15-May-2025 00:42:14 Europe/Berlin] PHP Warning:  Undefined variable $appointment_id in C:\xampp\htdocs\Test\src\pages\process_quotation.php on line 500
[15-May-2025 00:42:15 Europe/Berlin] PHP Warning:  Undefined variable $pdf_content in C:\xampp\htdocs\Test\src\pages\process_quotation.php on line 281
[15-May-2025 00:42:55 Europe/Berlin] PHP Warning:  Undefined variable $appointment_id in C:\xampp\htdocs\Test\src\pages\process_quotation.php on line 362
[15-May-2025 00:42:55 Europe/Berlin] PHP Warning:  Undefined variable $appointment_id in C:\xampp\htdocs\Test\src\pages\process_quotation.php on line 500
[15-May-2025 00:42:57 Europe/Berlin] PHP Warning:  Undefined variable $pdf_content in C:\xampp\htdocs\Test\src\pages\process_quotation.php on line 281
[15-May-2025 01:55:57 Europe/Berlin] PHP Warning:  Undefined variable $appointment_id in C:\xampp\htdocs\Test\src\pages\process_quotation.php on line 362
[15-May-2025 01:55:57 Europe/Berlin] PHP Warning:  Undefined variable $appointment_id in C:\xampp\htdocs\Test\src\pages\process_quotation.php on line 500
[15-May-2025 02:10:41 Europe/Berlin] PHP Warning:  Undefined variable $appointment_id in C:\xampp\htdocs\Test\src\pages\process_quotation.php on line 362
[15-May-2025 02:10:41 Europe/Berlin] PHP Warning:  Undefined variable $appointment_id in C:\xampp\htdocs\Test\src\pages\process_quotation.php on line 500
[15-May-2025 02:10:47 Europe/Berlin] PHP Warning:  Undefined variable $pdf_content in C:\xampp\htdocs\Test\src\pages\process_quotation.php on line 281
[15-May-2025 02:16:16 Europe/Berlin] PHP Warning:  Undefined variable $appointment_id in C:\xampp\htdocs\Test\src\pages\process_quotation.php on line 362
[15-May-2025 02:16:16 Europe/Berlin] PHP Warning:  Undefined variable $appointment_id in C:\xampp\htdocs\Test\src\pages\process_quotation.php on line 500
[15-May-2025 02:16:17 Europe/Berlin] PHP Warning:  Undefined variable $pdf_content in C:\xampp\htdocs\Test\src\pages\process_quotation.php on line 281
[15-May-2025 02:20:09 Europe/Berlin] PHP Warning:  Undefined variable $appointment_id in C:\xampp\htdocs\Test\src\pages\process_quotation.php on line 362
[15-May-2025 02:20:09 Europe/Berlin] PHP Warning:  Undefined variable $appointment_id in C:\xampp\htdocs\Test\src\pages\process_quotation.php on line 500
[15-May-2025 02:20:10 Europe/Berlin] PHP Warning:  Undefined variable $pdf_content in C:\xampp\htdocs\Test\src\pages\process_quotation.php on line 281
[15-May-2025 02:59:40 Europe/Berlin] PHP Warning:  Undefined variable $appointment_id in C:\xampp\htdocs\Test\src\pages\process_quotation.php on line 362
[15-May-2025 02:59:40 Europe/Berlin] PHP Warning:  Undefined variable $appointment_id in C:\xampp\htdocs\Test\src\pages\process_quotation.php on line 500
[15-May-2025 02:59:41 Europe/Berlin] PHP Warning:  Undefined variable $pdf_content in C:\xampp\htdocs\Test\src\pages\process_quotation.php on line 281
[16-May-2025 00:53:44 Europe/Berlin] PHP Warning:  Undefined variable $appointment_id in C:\xampp\htdocs\Test\src\pages\process_quotation.php on line 362
[16-May-2025 00:53:44 Europe/Berlin] PHP Warning:  Undefined variable $appointment_id in C:\xampp\htdocs\Test\src\pages\process_quotation.php on line 500
[16-May-2025 00:54:23 Europe/Berlin] PHP Warning:  Undefined variable $pdf_content in C:\xampp\htdocs\Test\src\pages\process_quotation.php on line 281
[16-May-2025 00:59:48 Europe/Berlin] PHP Warning:  Undefined variable $appointment_id in C:\xampp\htdocs\Test\src\pages\process_quotation.php on line 362
[16-May-2025 00:59:48 Europe/Berlin] PHP Warning:  Undefined variable $appointment_id in C:\xampp\htdocs\Test\src\pages\process_quotation.php on line 500
[16-May-2025 00:59:52 Europe/Berlin] PHP Warning:  Undefined variable $pdf_content in C:\xampp\htdocs\Test\src\pages\process_quotation.php on line 281
[16-May-2025 02:05:17 Europe/Berlin] PHP Warning:  Undefined variable $appointment_id in C:\xampp\htdocs\Test\src\pages\process_quotation.php on line 362
[16-May-2025 02:05:17 Europe/Berlin] PHP Warning:  Undefined variable $appointment_id in C:\xampp\htdocs\Test\src\pages\process_quotation.php on line 500
[16-May-2025 02:05:19 Europe/Berlin] PHP Warning:  Undefined variable $pdf_content in C:\xampp\htdocs\Test\src\pages\process_quotation.php on line 281
[20-May-2025 23:11:17 Europe/Berlin] PHP Warning:  Undefined variable $appointment_id in C:\xampp\htdocs\Test\src\pages\process_quotation.php on line 362
[20-May-2025 23:11:17 Europe/Berlin] PHP Warning:  Undefined variable $appointment_id in C:\xampp\htdocs\Test\src\pages\process_quotation.php on line 500
[21-May-2025 02:02:31 Europe/Berlin] PHP Notice:  session_start(): Ignoring session_start() because a session is already active in C:\xampp\htdocs\Test\src\pages\process_quotation.php on line 12
[21-May-2025 02:02:31 Europe/Berlin] Error in process_quotation.php: Invalid request type
[21-May-2025 02:02:31 Europe/Berlin] PHP Fatal error:  Uncaught Error: Class "PDF" not found in C:\xampp\htdocs\Test\src\pages\update_appointment.php:291
Stack trace:
#0 {main}
  thrown in C:\xampp\htdocs\Test\src\pages\update_appointment.php on line 291
[24-May-2025 02:38:28 Europe/Berlin] PHP Warning:  Undefined variable $appointment_id in C:\xampp\htdocs\Test\src\pages\process_quotation.php on line 362
[24-May-2025 02:38:28 Europe/Berlin] PHP Warning:  Undefined variable $appointment_id in C:\xampp\htdocs\Test\src\pages\process_quotation.php on line 500
[24-May-2025 02:38:50 Europe/Berlin] PHP Warning:  Undefined variable $pdf_content in C:\xampp\htdocs\Test\src\pages\process_quotation.php on line 281
[27-May-2025 20:57:47 Europe/Berlin] PHP Warning:  Undefined variable $appointment_id in C:\xampp\htdocs\Test\src\pages\process_quotation.php on line 362
[27-May-2025 20:57:47 Europe/Berlin] PHP Warning:  Undefined variable $appointment_id in C:\xampp\htdocs\Test\src\pages\process_quotation.php on line 500
[27-May-2025 20:57:56 Europe/Berlin] PHP Warning:  Undefined variable $pdf_content in C:\xampp\htdocs\Test\src\pages\process_quotation.php on line 281
[27-May-2025 21:06:02 Europe/Berlin] PHP Warning:  Undefined variable $appointment_id in C:\xampp\htdocs\Test\src\pages\process_quotation.php on line 362
[27-May-2025 21:06:02 Europe/Berlin] PHP Warning:  Undefined variable $appointment_id in C:\xampp\htdocs\Test\src\pages\process_quotation.php on line 500
[27-May-2025 21:06:09 Europe/Berlin] PHP Warning:  Undefined variable $pdf_content in C:\xampp\htdocs\Test\src\pages\process_quotation.php on line 281
